<?xml version="1.0" encoding="UTF-8"?>
<testsuite name="com.example.service.FizzBuzzServiceTest" tests="7" skipped="0" failures="0" errors="0" timestamp="2024-01-18T16:59:54" hostname="AKSHAY-EGEN" time="0.654">
  <properties/>
  <testcase name="testGenerateFizzBuzzWithZeroDivisionThrowsRuntimeException()" classname="com.example.service.FizzBuzzServiceTest" time="0.13"/>
  <testcase name="testGenerateFizzBuzzWithSameStringValuesReturnsOk()" classname="com.example.service.FizzBuzzServiceTest" time="0.025"/>
  <testcase name="testGenerateFizzBuzzWithLargeLimitDoesNotCrash()" classname="com.example.service.FizzBuzzServiceTest" time="0.474"/>
  <testcase name="testGenerateFizzBuzzWithMinimumRangeReturnsOk()" classname="com.example.service.FizzBuzzServiceTest" time="0.003"/>
  <testcase name="testGenerateFizzBuzzWithPositiveIntegersAndLimitReturnsOK()" classname="com.example.service.FizzBuzzServiceTest" time="0.004"/>
  <testcase name="testGenerateFizzBuzzWithNegativeOrZeroLimitReturnsEmptyArray()" classname="com.example.service.FizzBuzzServiceTest" time="0.003"/>
  <testcase name="testGenerateFizzBuzzWithConflictingMultiplesReturnsOk()" classname="com.example.service.FizzBuzzServiceTest" time="0.004"/>
  <system-out><![CDATA[2024-01-18T22:29:54.081+05:30  INFO 33256 --- [    Test worker] t.c.s.AnnotationConfigContextLoaderUtils : Could not detect default configuration classes for test class [com.example.service.FizzBuzzServiceTest]: FizzBuzzServiceTest does not declare any static, non-private, non-final, nested classes annotated with @Configuration.
2024-01-18T22:29:54.089+05:30  INFO 33256 --- [    Test worker] .b.t.c.SpringBootTestContextBootstrapper : Found @SpringBootConfiguration com.example.FizzBuzzServerApplication for test class com.example.service.FizzBuzzServiceTest
]]></system-out>
  <system-err><![CDATA[]]></system-err>
</testsuite>
